2021-05-17 09:09:05> Program: Starting Squirrel Updater: --createShortcut JandiApp.exe
2021-05-17 09:09:05> ApplyReleasesImpl: About to create shortcuts for JandiApp.exe, rootAppDir C:\Users\musign\AppData\Local\JandiApp
2021-05-17 09:09:05> ApplyReleasesImpl: Creating shortcut for JandiApp.exe => C:\Users\musign\AppData\Roaming\Microsoft\Windows\Start Menu\Programs\Tosslab Inc\JANDI.lnk
2021-05-17 09:09:06> ApplyReleasesImpl: About to save shortcut: C:\Users\musign\AppData\Roaming\Microsoft\Windows\Start Menu\Programs\Tosslab Inc\JANDI.lnk (target C:\Users\musign\AppData\Local\JandiApp\JandiApp.exe, workingDir C:\Users\musign\AppData\Local\JandiApp\app-1.4.7, args , toastActivatorCSLID 497ce8c8-c2c5-5daa-a0d2-bc96f3b1c847)
2021-05-17 09:09:06> ApplyReleasesImpl: Creating shortcut for JandiApp.exe => C:\Users\musign\Desktop\JANDI.lnk
2021-05-17 09:09:06> ApplyReleasesImpl: About to save shortcut: C:\Users\musign\Desktop\JANDI.lnk (target C:\Users\musign\AppData\Local\JandiApp\JandiApp.exe, workingDir C:\Users\musign\AppData\Local\JandiApp\app-1.4.7, args , toastActivatorCSLID 497ce8c8-c2c5-5daa-a0d2-bc96f3b1c847)
2021-05-17 09:09:06> ApplyReleasesImpl: Examining Pin: Adobe Photoshop CS6 (64 Bit).lnk
2021-05-17 09:09:06> ApplyReleasesImpl: Examining Pin: Chrome.lnk
2021-05-17 09:09:06> ApplyReleasesImpl: Examining Pin: File Explorer.lnk
2021-05-17 09:09:06> ApplyReleasesImpl: Examining Pin: FileZilla.lnk
2021-05-18 09:31:03> Program: Starting Squirrel Updater: --processStart JandiApp.exe
2021-05-18 09:31:03> Program: Want to launch 'C:\Users\musign\AppData\Local\JandiApp\app-1.4.7\JandiApp.exe'
2021-05-18 09:31:03> Program: About to launch: 'C:\Users\musign\AppData\Local\JandiApp\app-1.4.7\JandiApp.exe': 
2021-05-20 10:02:32> Program: Starting Squirrel Updater: --processStart JandiApp.exe
2021-05-20 10:02:32> Program: Want to launch 'C:\Users\musign\AppData\Local\JandiApp\app-1.4.7\JandiApp.exe'
2021-05-20 10:02:32> Program: About to launch: 'C:\Users\musign\AppData\Local\JandiApp\app-1.4.7\JandiApp.exe': 
2021-05-21 08:41:56> Program: Starting Squirrel Updater: --processStart JandiApp.exe
2021-05-21 08:41:56> Program: Want to launch 'C:\Users\musign\AppData\Local\JandiApp\app-1.4.7\JandiApp.exe'
2021-05-21 08:41:56> Program: About to launch: 'C:\Users\musign\AppData\Local\JandiApp\app-1.4.7\JandiApp.exe': 
2021-05-24 10:00:19> Program: Starting Squirrel Updater: --processStart JandiApp.exe
2021-05-24 10:00:19> Program: Want to launch 'C:\Users\musign\AppData\Local\JandiApp\app-1.4.7\JandiApp.exe'
2021-05-24 10:00:19> Program: About to launch: 'C:\Users\musign\AppData\Local\JandiApp\app-1.4.7\JandiApp.exe': 
2021-05-25 09:39:30> Program: Starting Squirrel Updater: --processStart JandiApp.exe
2021-05-25 09:39:31> Program: Want to launch 'C:\Users\musign\AppData\Local\JandiApp\app-1.4.7\JandiApp.exe'
2021-05-25 09:39:31> Program: About to launch: 'C:\Users\musign\AppData\Local\JandiApp\app-1.4.7\JandiApp.exe': 
2021-05-26 09:36:34> Program: Starting Squirrel Updater: --processStart JandiApp.exe
2021-05-26 09:36:34> Program: Want to launch 'C:\Users\musign\AppData\Local\JandiApp\app-1.4.7\JandiApp.exe'
2021-05-26 09:36:34> Program: About to launch: 'C:\Users\musign\AppData\Local\JandiApp\app-1.4.7\JandiApp.exe': 
2021-05-27 09:36:56> Program: Starting Squirrel Updater: --processStart JandiApp.exe
2021-05-27 09:36:57> Program: Want to launch 'C:\Users\musign\AppData\Local\JandiApp\app-1.4.7\JandiApp.exe'
2021-05-27 09:36:57> Program: About to launch: 'C:\Users\musign\AppData\Local\JandiApp\app-1.4.7\JandiApp.exe': 
2021-05-28 09:47:32> Program: Starting Squirrel Updater: --processStart JandiApp.exe
2021-05-28 09:47:32> Program: Want to launch 'C:\Users\musign\AppData\Local\JandiApp\app-1.4.7\JandiApp.exe'
2021-05-28 09:47:32> Program: About to launch: 'C:\Users\musign\AppData\Local\JandiApp\app-1.4.7\JandiApp.exe': 
2021-05-31 10:21:18> Program: Starting Squirrel Updater: --processStart JandiApp.exe
2021-05-31 10:21:18> Program: Want to launch 'C:\Users\musign\AppData\Local\JandiApp\app-1.4.7\JandiApp.exe'
2021-05-31 10:21:18> Program: About to launch: 'C:\Users\musign\AppData\Local\JandiApp\app-1.4.7\JandiApp.exe': 
2021-06-01 09:27:31> Program: Starting Squirrel Updater: --processStart JandiApp.exe
2021-06-01 09:27:31> Program: Want to launch 'C:\Users\musign\AppData\Local\JandiApp\app-1.4.7\JandiApp.exe'
2021-06-01 09:27:31> Program: About to launch: 'C:\Users\musign\AppData\Local\JandiApp\app-1.4.7\JandiApp.exe': 
2021-06-01 18:34:54> Program: Starting Squirrel Updater: --processStart JandiApp.exe
2021-06-01 18:34:54> Program: Want to launch 'C:\Users\musign\AppData\Local\JandiApp\app-1.4.7\JandiApp.exe'
2021-06-01 18:34:54> Program: About to launch: 'C:\Users\musign\AppData\Local\JandiApp\app-1.4.7\JandiApp.exe': 
2021-06-02 09:19:15> Program: Starting Squirrel Updater: --processStart JandiApp.exe
2021-06-02 09:19:15> Program: Want to launch 'C:\Users\musign\AppData\Local\JandiApp\app-1.4.7\JandiApp.exe'
2021-06-02 09:19:15> Program: About to launch: 'C:\Users\musign\AppData\Local\JandiApp\app-1.4.7\JandiApp.exe': 
2021-06-03 09:52:38> Program: Starting Squirrel Updater: --processStart JandiApp.exe
2021-06-03 09:52:39> Program: Want to launch 'C:\Users\musign\AppData\Local\JandiApp\app-1.4.7\JandiApp.exe'
2021-06-03 09:52:39> Program: About to launch: 'C:\Users\musign\AppData\Local\JandiApp\app-1.4.7\JandiApp.exe': 
2021-06-04 09:21:33> Program: Starting Squirrel Updater: --processStart JandiApp.exe
2021-06-04 09:21:33> Program: Want to launch 'C:\Users\musign\AppData\Local\JandiApp\app-1.4.7\JandiApp.exe'
2021-06-04 09:21:33> Program: About to launch: 'C:\Users\musign\AppData\Local\JandiApp\app-1.4.7\JandiApp.exe': 
2021-06-07 10:00:17> Program: Starting Squirrel Updater: --processStart JandiApp.exe
2021-06-07 10:00:17> Program: Want to launch 'C:\Users\musign\AppData\Local\JandiApp\app-1.4.7\JandiApp.exe'
2021-06-07 10:00:17> Program: About to launch: 'C:\Users\musign\AppData\Local\JandiApp\app-1.4.7\JandiApp.exe': 
2021-06-08 09:45:12> Program: Starting Squirrel Updater: --processStart JandiApp.exe
2021-06-08 09:45:12> Program: Want to launch 'C:\Users\musign\AppData\Local\JandiApp\app-1.4.7\JandiApp.exe'
2021-06-08 09:45:12> Program: About to launch: 'C:\Users\musign\AppData\Local\JandiApp\app-1.4.7\JandiApp.exe': 
2021-06-09 09:33:46> Program: Starting Squirrel Updater: --processStart JandiApp.exe
2021-06-09 09:33:47> Program: Want to launch 'C:\Users\musign\AppData\Local\JandiApp\app-1.4.7\JandiApp.exe'
2021-06-09 09:33:47> Program: About to launch: 'C:\Users\musign\AppData\Local\JandiApp\app-1.4.7\JandiApp.exe': 
2021-06-10 09:47:35> Program: Starting Squirrel Updater: --processStart JandiApp.exe
2021-06-10 09:47:35> Program: Want to launch 'C:\Users\musign\AppData\Local\JandiApp\app-1.4.7\JandiApp.exe'
2021-06-10 09:47:35> Program: About to launch: 'C:\Users\musign\AppData\Local\JandiApp\app-1.4.7\JandiApp.exe': 
2021-06-11 08:45:46> Program: Starting Squirrel Updater: --processStart JandiApp.exe
2021-06-11 08:45:46> Program: Want to launch 'C:\Users\musign\AppData\Local\JandiApp\app-1.4.7\JandiApp.exe'
2021-06-11 08:45:46> Program: About to launch: 'C:\Users\musign\AppData\Local\JandiApp\app-1.4.7\JandiApp.exe': 
2021-06-14 09:14:07> Program: Starting Squirrel Updater: --processStart JandiApp.exe
2021-06-14 09:14:07> Program: Want to launch 'C:\Users\musign\AppData\Local\JandiApp\app-1.4.7\JandiApp.exe'
2021-06-14 09:14:07> Program: About to launch: 'C:\Users\musign\AppData\Local\JandiApp\app-1.4.7\JandiApp.exe': 
2021-06-15 08:57:46> Program: Starting Squirrel Updater: --processStart JandiApp.exe
2021-06-15 08:57:46> Program: Want to launch 'C:\Users\musign\AppData\Local\JandiApp\app-1.4.7\JandiApp.exe'
2021-06-15 08:57:46> Program: About to launch: 'C:\Users\musign\AppData\Local\JandiApp\app-1.4.7\JandiApp.exe': 
2021-06-16 09:29:30> Program: Starting Squirrel Updater: --processStart JandiApp.exe
2021-06-16 09:29:30> Program: Want to launch 'C:\Users\musign\AppData\Local\JandiApp\app-1.4.7\JandiApp.exe'
2021-06-16 09:29:30> Program: About to launch: 'C:\Users\musign\AppData\Local\JandiApp\app-1.4.7\JandiApp.exe': 
2021-06-16 10:07:37> Program: Starting Squirrel Updater: --processStart JandiApp.exe
2021-06-16 10:07:38> Program: Want to launch 'C:\Users\musign\AppData\Local\JandiApp\app-1.4.7\JandiApp.exe'
2021-06-16 10:07:38> Program: About to launch: 'C:\Users\musign\AppData\Local\JandiApp\app-1.4.7\JandiApp.exe': 
2021-06-17 09:44:14> Program: Starting Squirrel Updater: --processStart JandiApp.exe
2021-06-17 09:44:14> Program: Want to launch 'C:\Users\musign\AppData\Local\JandiApp\app-1.4.7\JandiApp.exe'
2021-06-17 09:44:14> Program: About to launch: 'C:\Users\musign\AppData\Local\JandiApp\app-1.4.7\JandiApp.exe': 
2021-06-18 08:31:38> Program: Starting Squirrel Updater: --processStart JandiApp.exe
2021-06-18 08:31:38> Program: Want to launch 'C:\Users\musign\AppData\Local\JandiApp\app-1.4.7\JandiApp.exe'
2021-06-18 08:31:38> Program: About to launch: 'C:\Users\musign\AppData\Local\JandiApp\app-1.4.7\JandiApp.exe': 
2021-06-22 09:15:55> Program: Starting Squirrel Updater: --processStart JandiApp.exe
2021-06-22 09:15:56> Program: Want to launch 'C:\Users\musign\AppData\Local\JandiApp\app-1.4.7\JandiApp.exe'
2021-06-22 09:15:56> Program: About to launch: 'C:\Users\musign\AppData\Local\JandiApp\app-1.4.7\JandiApp.exe': 
2021-06-23 09:18:43> Program: Starting Squirrel Updater: --processStart JandiApp.exe
2021-06-23 09:18:43> Program: Want to launch 'C:\Users\musign\AppData\Local\JandiApp\app-1.4.7\JandiApp.exe'
2021-06-23 09:18:43> Program: About to launch: 'C:\Users\musign\AppData\Local\JandiApp\app-1.4.7\JandiApp.exe': 
2021-06-24 09:45:03> Program: Starting Squirrel Updater: --processStart JandiApp.exe
2021-06-24 09:45:03> Program: Want to launch 'C:\Users\musign\AppData\Local\JandiApp\app-1.4.7\JandiApp.exe'
2021-06-24 09:45:03> Program: About to launch: 'C:\Users\musign\AppData\Local\JandiApp\app-1.4.7\JandiApp.exe': 
2021-06-25 09:34:55> Program: Starting Squirrel Updater: --processStart JandiApp.exe
2021-06-25 09:34:55> Program: Want to launch 'C:\Users\musign\AppData\Local\JandiApp\app-1.4.7\JandiApp.exe'
2021-06-25 09:34:55> Program: About to launch: 'C:\Users\musign\AppData\Local\JandiApp\app-1.4.7\JandiApp.exe': 
2021-06-28 09:46:11> Program: Starting Squirrel Updater: --processStart JandiApp.exe
2021-06-28 09:46:11> Program: Want to launch 'C:\Users\musign\AppData\Local\JandiApp\app-1.4.7\JandiApp.exe'
2021-06-28 09:46:11> Program: About to launch: 'C:\Users\musign\AppData\Local\JandiApp\app-1.4.7\JandiApp.exe': 
2021-06-29 09:31:30> Program: Starting Squirrel Updater: --processStart JandiApp.exe
2021-06-29 09:31:31> Program: Want to launch 'C:\Users\musign\AppData\Local\JandiApp\app-1.4.7\JandiApp.exe'
2021-06-29 09:31:31> Program: About to launch: 'C:\Users\musign\AppData\Local\JandiApp\app-1.4.7\JandiApp.exe': 
2021-06-30 09:45:35> Program: Starting Squirrel Updater: --processStart JandiApp.exe
2021-06-30 09:45:35> Program: Want to launch 'C:\Users\musign\AppData\Local\JandiApp\app-1.4.7\JandiApp.exe'
2021-06-30 09:45:35> Program: About to launch: 'C:\Users\musign\AppData\Local\JandiApp\app-1.4.7\JandiApp.exe': 
2021-07-01 09:16:24> Program: Starting Squirrel Updater: --processStart JandiApp.exe
2021-07-01 09:16:24> Program: Want to launch 'C:\Users\musign\AppData\Local\JandiApp\app-1.4.7\JandiApp.exe'
2021-07-01 09:16:24> Program: About to launch: 'C:\Users\musign\AppData\Local\JandiApp\app-1.4.7\JandiApp.exe': 
2021-07-02 09:32:09> Program: Starting Squirrel Updater: --processStart JandiApp.exe
2021-07-02 09:32:09> Program: Want to launch 'C:\Users\musign\AppData\Local\JandiApp\app-1.4.7\JandiApp.exe'
2021-07-02 09:32:09> Program: About to launch: 'C:\Users\musign\AppData\Local\JandiApp\app-1.4.7\JandiApp.exe': 
2021-07-02 09:50:58> Program: Starting Squirrel Updater: --processStart JandiApp.exe
2021-07-02 09:50:58> Program: Want to launch 'C:\Users\musign\AppData\Local\JandiApp\app-1.4.7\JandiApp.exe'
2021-07-02 09:50:58> Program: About to launch: 'C:\Users\musign\AppData\Local\JandiApp\app-1.4.7\JandiApp.exe': 
2021-07-05 09:39:25> Program: Starting Squirrel Updater: --processStart JandiApp.exe
2021-07-05 09:39:26> Program: Want to launch 'C:\Users\musign\AppData\Local\JandiApp\app-1.4.7\JandiApp.exe'
2021-07-05 09:39:26> Program: About to launch: 'C:\Users\musign\AppData\Local\JandiApp\app-1.4.7\JandiApp.exe': 
2021-07-06 00:01:21> Program: Starting Squirrel Updater: --processStart JandiApp.exe
2021-07-06 00:01:22> Program: Want to launch 'C:\Users\musign\AppData\Local\JandiApp\app-1.4.7\JandiApp.exe'
2021-07-06 00:01:22> Program: About to launch: 'C:\Users\musign\AppData\Local\JandiApp\app-1.4.7\JandiApp.exe': 
2021-07-07 09:48:00> Program: Starting Squirrel Updater: --processStart JandiApp.exe
2021-07-07 09:48:00> Program: Want to launch 'C:\Users\musign\AppData\Local\JandiApp\app-1.4.7\JandiApp.exe'
2021-07-07 09:48:00> Program: About to launch: 'C:\Users\musign\AppData\Local\JandiApp\app-1.4.7\JandiApp.exe': 
2021-07-08 09:47:05> Program: Starting Squirrel Updater: --processStart JandiApp.exe
2021-07-08 09:47:06> Program: Want to launch 'C:\Users\musign\AppData\Local\JandiApp\app-1.4.7\JandiApp.exe'
2021-07-08 09:47:06> Program: About to launch: 'C:\Users\musign\AppData\Local\JandiApp\app-1.4.7\JandiApp.exe': 
2021-07-08 15:58:34> Program: Starting Squirrel Updater: --processStart JandiApp.exe
2021-07-08 15:58:34> Program: Want to launch 'C:\Users\musign\AppData\Local\JandiApp\app-1.4.7\JandiApp.exe'
2021-07-08 15:58:34> Program: About to launch: 'C:\Users\musign\AppData\Local\JandiApp\app-1.4.7\JandiApp.exe': 
2021-07-09 09:49:21> Program: Starting Squirrel Updater: --processStart JandiApp.exe
2021-07-09 09:49:21> Program: Want to launch 'C:\Users\musign\AppData\Local\JandiApp\app-1.4.7\JandiApp.exe'
2021-07-09 09:49:21> Program: About to launch: 'C:\Users\musign\AppData\Local\JandiApp\app-1.4.7\JandiApp.exe': 
2021-07-12 10:10:41> Program: Starting Squirrel Updater: --processStart JandiApp.exe
2021-07-12 10:10:42> Program: Want to launch 'C:\Users\musign\AppData\Local\JandiApp\app-1.4.7\JandiApp.exe'
2021-07-12 10:10:42> Program: About to launch: 'C:\Users\musign\AppData\Local\JandiApp\app-1.4.7\JandiApp.exe': 
2021-07-13 09:52:46> Program: Starting Squirrel Updater: --processStart JandiApp.exe
2021-07-13 09:52:46> Program: Want to launch 'C:\Users\musign\AppData\Local\JandiApp\app-1.4.7\JandiApp.exe'
2021-07-13 09:52:46> Program: About to launch: 'C:\Users\musign\AppData\Local\JandiApp\app-1.4.7\JandiApp.exe': 
2021-07-14 09:52:51> Program: Starting Squirrel Updater: --processStart JandiApp.exe
2021-07-14 09:52:51> Program: Want to launch 'C:\Users\musign\AppData\Local\JandiApp\app-1.4.7\JandiApp.exe'
2021-07-14 09:52:51> Program: About to launch: 'C:\Users\musign\AppData\Local\JandiApp\app-1.4.7\JandiApp.exe': 
2021-07-15 09:29:41> Program: Starting Squirrel Updater: --processStart JandiApp.exe
2021-07-15 09:29:41> Program: Want to launch 'C:\Users\musign\AppData\Local\JandiApp\app-1.4.7\JandiApp.exe'
2021-07-15 09:29:41> Program: About to launch: 'C:\Users\musign\AppData\Local\JandiApp\app-1.4.7\JandiApp.exe': 
2021-07-16 09:25:50> Program: Starting Squirrel Updater: --processStart JandiApp.exe
2021-07-16 09:25:50> Program: Want to launch 'C:\Users\musign\AppData\Local\JandiApp\app-1.4.7\JandiApp.exe'
2021-07-16 09:25:50> Program: About to launch: 'C:\Users\musign\AppData\Local\JandiApp\app-1.4.7\JandiApp.exe': 
2021-07-19 09:57:14> Program: Starting Squirrel Updater: --processStart JandiApp.exe
2021-07-19 09:57:14> Program: Want to launch 'C:\Users\musign\AppData\Local\JandiApp\app-1.4.7\JandiApp.exe'
2021-07-19 09:57:14> Program: About to launch: 'C:\Users\musign\AppData\Local\JandiApp\app-1.4.7\JandiApp.exe': 
2021-07-19 13:17:11> Program: Starting Squirrel Updater: --processStart JandiApp.exe
2021-07-19 13:17:11> Program: Want to launch 'C:\Users\musign\AppData\Local\JandiApp\app-1.4.7\JandiApp.exe'
2021-07-19 13:17:11> Program: About to launch: 'C:\Users\musign\AppData\Local\JandiApp\app-1.4.7\JandiApp.exe': 
2021-07-20 09:28:46> Program: Starting Squirrel Updater: --processStart JandiApp.exe
2021-07-20 09:28:46> Program: Want to launch 'C:\Users\musign\AppData\Local\JandiApp\app-1.4.7\JandiApp.exe'
2021-07-20 09:28:46> Program: About to launch: 'C:\Users\musign\AppData\Local\JandiApp\app-1.4.7\JandiApp.exe': 
2021-07-21 09:59:04> Program: Starting Squirrel Updater: --processStart JandiApp.exe
2021-07-21 09:59:05> Program: Want to launch 'C:\Users\musign\AppData\Local\JandiApp\app-1.4.7\JandiApp.exe'
2021-07-21 09:59:05> Program: About to launch: 'C:\Users\musign\AppData\Local\JandiApp\app-1.4.7\JandiApp.exe': 
2021-07-22 09:55:13> Program: Starting Squirrel Updater: --processStart JandiApp.exe
2021-07-22 09:55:13> Program: Want to launch 'C:\Users\musign\AppData\Local\JandiApp\app-1.4.7\JandiApp.exe'
2021-07-22 09:55:13> Program: About to launch: 'C:\Users\musign\AppData\Local\JandiApp\app-1.4.7\JandiApp.exe': 
2021-07-23 09:25:46> Program: Starting Squirrel Updater: --processStart JandiApp.exe
2021-07-23 09:25:46> Program: Want to launch 'C:\Users\musign\AppData\Local\JandiApp\app-1.4.7\JandiApp.exe'
2021-07-23 09:25:46> Program: About to launch: 'C:\Users\musign\AppData\Local\JandiApp\app-1.4.7\JandiApp.exe': 
2021-07-23 11:40:07> Program: Starting Squirrel Updater: --processStart JandiApp.exe
2021-07-23 11:40:07> Program: Want to launch 'C:\Users\musign\AppData\Local\JandiApp\app-1.4.7\JandiApp.exe'
2021-07-23 11:40:07> Program: About to launch: 'C:\Users\musign\AppData\Local\JandiApp\app-1.4.7\JandiApp.exe': 
2021-08-06 12:04:37> Program: Starting Squirrel Updater: --processStart JandiApp.exe
2021-08-06 12:04:37> Program: Want to launch 'C:\Users\musign\AppData\Local\JandiApp\app-1.4.7\JandiApp.exe'
2021-08-06 12:04:37> Program: About to launch: 'C:\Users\musign\AppData\Local\JandiApp\app-1.4.7\JandiApp.exe': 
2021-08-12 10:38:17> Program: Starting Squirrel Updater: --processStart JandiApp.exe
2021-08-12 10:38:17> Program: Want to launch 'C:\Users\musign\AppData\Local\JandiApp\app-1.4.7\JandiApp.exe'
2021-08-12 10:38:17> Program: About to launch: 'C:\Users\musign\AppData\Local\JandiApp\app-1.4.7\JandiApp.exe': 
2021-08-12 10:46:08> Program: Starting Squirrel Updater: --processStart JandiApp.exe
2021-08-12 10:46:08> Program: Want to launch 'C:\Users\musign\AppData\Local\JandiApp\app-1.4.7\JandiApp.exe'
2021-08-12 10:46:08> Program: About to launch: 'C:\Users\musign\AppData\Local\JandiApp\app-1.4.7\JandiApp.exe': 
2021-08-12 11:02:36> Program: Starting Squirrel Updater: --processStart JandiApp.exe
2021-08-12 11:02:36> Program: Want to launch 'C:\Users\musign\AppData\Local\JandiApp\app-1.4.7\JandiApp.exe'
2021-08-12 11:02:36> Program: About to launch: 'C:\Users\musign\AppData\Local\JandiApp\app-1.4.7\JandiApp.exe': 
2021-08-13 10:08:29> Program: Starting Squirrel Updater: --processStart JandiApp.exe
2021-08-13 10:08:29> Program: Want to launch 'C:\Users\musign\AppData\Local\JandiApp\app-1.4.7\JandiApp.exe'
2021-08-13 10:08:29> Program: About to launch: 'C:\Users\musign\AppData\Local\JandiApp\app-1.4.7\JandiApp.exe': 
2021-08-17 10:15:41> Program: Starting Squirrel Updater: --processStart JandiApp.exe
2021-08-17 10:15:41> Program: Want to launch 'C:\Users\musign\AppData\Local\JandiApp\app-1.4.7\JandiApp.exe'
2021-08-17 10:15:41> Program: About to launch: 'C:\Users\musign\AppData\Local\JandiApp\app-1.4.7\JandiApp.exe': 
2021-08-18 10:15:44> Program: Starting Squirrel Updater: --processStart JandiApp.exe
2021-08-18 10:15:44> Program: Want to launch 'C:\Users\musign\AppData\Local\JandiApp\app-1.4.7\JandiApp.exe'
2021-08-18 10:15:44> Program: About to launch: 'C:\Users\musign\AppData\Local\JandiApp\app-1.4.7\JandiApp.exe': 
2021-08-19 10:01:03> Program: Starting Squirrel Updater: --processStart JandiApp.exe
2021-08-19 10:01:03> Program: Want to launch 'C:\Users\musign\AppData\Local\JandiApp\app-1.4.7\JandiApp.exe'
2021-08-19 10:01:03> Program: About to launch: 'C:\Users\musign\AppData\Local\JandiApp\app-1.4.7\JandiApp.exe': 
2021-08-20 10:02:56> Program: Starting Squirrel Updater: --processStart JandiApp.exe
2021-08-20 10:02:56> Program: Want to launch 'C:\Users\musign\AppData\Local\JandiApp\app-1.4.7\JandiApp.exe'
2021-08-20 10:02:56> Program: About to launch: 'C:\Users\musign\AppData\Local\JandiApp\app-1.4.7\JandiApp.exe': 
2021-08-23 09:59:50> Program: Starting Squirrel Updater: --processStart JandiApp.exe
2021-08-23 09:59:50> Program: Want to launch 'C:\Users\musign\AppData\Local\JandiApp\app-1.4.7\JandiApp.exe'
2021-08-23 09:59:50> Program: About to launch: 'C:\Users\musign\AppData\Local\JandiApp\app-1.4.7\JandiApp.exe': 
2021-08-24 10:01:52> Program: Starting Squirrel Updater: --processStart JandiApp.exe
2021-08-24 10:01:52> Program: Want to launch 'C:\Users\musign\AppData\Local\JandiApp\app-1.4.7\JandiApp.exe'
2021-08-24 10:01:52> Program: About to launch: 'C:\Users\musign\AppData\Local\JandiApp\app-1.4.7\JandiApp.exe': 
2021-08-25 10:14:26> Program: Starting Squirrel Updater: --processStart JandiApp.exe
2021-08-25 10:14:26> Program: Want to launch 'C:\Users\musign\AppData\Local\JandiApp\app-1.4.7\JandiApp.exe'
2021-08-25 10:14:26> Program: About to launch: 'C:\Users\musign\AppData\Local\JandiApp\app-1.4.7\JandiApp.exe': 
2021-08-26 09:48:59> Program: Starting Squirrel Updater: --processStart JandiApp.exe
2021-08-26 09:48:59> Program: Want to launch 'C:\Users\musign\AppData\Local\JandiApp\app-1.4.7\JandiApp.exe'
2021-08-26 09:48:59> Program: About to launch: 'C:\Users\musign\AppData\Local\JandiApp\app-1.4.7\JandiApp.exe': 
2021-08-27 10:14:22> Program: Starting Squirrel Updater: --processStart JandiApp.exe
2021-08-27 10:14:22> Program: Want to launch 'C:\Users\musign\AppData\Local\JandiApp\app-1.4.7\JandiApp.exe'
2021-08-27 10:14:22> Program: About to launch: 'C:\Users\musign\AppData\Local\JandiApp\app-1.4.7\JandiApp.exe': 
2021-08-31 10:36:01> Program: Starting Squirrel Updater: --processStart JandiApp.exe
2021-08-31 10:36:01> Program: Want to launch 'C:\Users\musign\AppData\Local\JandiApp\app-1.4.7\JandiApp.exe'
2021-08-31 10:36:01> Program: About to launch: 'C:\Users\musign\AppData\Local\JandiApp\app-1.4.7\JandiApp.exe': 
2021-08-31 18:43:20> Program: Starting Squirrel Updater: --processStart JandiApp.exe
2021-08-31 18:43:20> Program: Want to launch 'C:\Users\musign\AppData\Local\JandiApp\app-1.4.7\JandiApp.exe'
2021-08-31 18:43:20> Program: About to launch: 'C:\Users\musign\AppData\Local\JandiApp\app-1.4.7\JandiApp.exe': 
2021-09-01 10:01:17> Program: Starting Squirrel Updater: --processStart JandiApp.exe
2021-09-01 10:01:17> Program: Want to launch 'C:\Users\musign\AppData\Local\JandiApp\app-1.4.7\JandiApp.exe'
2021-09-01 10:01:17> Program: About to launch: 'C:\Users\musign\AppData\Local\JandiApp\app-1.4.7\JandiApp.exe': 
2021-09-02 10:15:35> Program: Starting Squirrel Updater: --processStart JandiApp.exe
2021-09-02 10:15:35> Program: Want to launch 'C:\Users\musign\AppData\Local\JandiApp\app-1.4.7\JandiApp.exe'
2021-09-02 10:15:35> Program: About to launch: 'C:\Users\musign\AppData\Local\JandiApp\app-1.4.7\JandiApp.exe': 
2021-09-08 10:11:51> Program: Starting Squirrel Updater: --processStart JandiApp.exe
2021-09-08 10:11:51> Program: Want to launch 'C:\Users\musign\AppData\Local\JandiApp\app-1.4.7\JandiApp.exe'
2021-09-08 10:11:51> Program: About to launch: 'C:\Users\musign\AppData\Local\JandiApp\app-1.4.7\JandiApp.exe': 
2021-09-13 10:13:40> Program: Starting Squirrel Updater: --processStart JandiApp.exe
2021-09-13 10:13:40> Program: Want to launch 'C:\Users\musign\AppData\Local\JandiApp\app-1.4.7\JandiApp.exe'
2021-09-13 10:13:40> Program: About to launch: 'C:\Users\musign\AppData\Local\JandiApp\app-1.4.7\JandiApp.exe': 
2021-09-14 10:01:19> Program: Starting Squirrel Updater: --processStart JandiApp.exe
2021-09-14 10:01:19> Program: Want to launch 'C:\Users\musign\AppData\Local\JandiApp\app-1.4.7\JandiApp.exe'
2021-09-14 10:01:19> Program: About to launch: 'C:\Users\musign\AppData\Local\JandiApp\app-1.4.7\JandiApp.exe': 
2021-09-14 20:18:48> Program: Starting Squirrel Updater: --processStart JandiApp.exe
2021-09-14 20:18:48> Program: Want to launch 'C:\Users\musign\AppData\Local\JandiApp\app-1.4.7\JandiApp.exe'
2021-09-14 20:18:48> Program: About to launch: 'C:\Users\musign\AppData\Local\JandiApp\app-1.4.7\JandiApp.exe': 
2021-09-15 00:19:34> Program: Starting Squirrel Updater: --processStart JandiApp.exe
2021-09-15 00:19:34> Program: Want to launch 'C:\Users\musign\AppData\Local\JandiApp\app-1.4.7\JandiApp.exe'
2021-09-15 00:19:34> Program: About to launch: 'C:\Users\musign\AppData\Local\JandiApp\app-1.4.7\JandiApp.exe': 
2021-09-15 10:02:07> Program: Starting Squirrel Updater: --processStart JandiApp.exe
2021-09-15 10:02:08> Program: Want to launch 'C:\Users\musign\AppData\Local\JandiApp\app-1.4.7\JandiApp.exe'
2021-09-15 10:02:08> Program: About to launch: 'C:\Users\musign\AppData\Local\JandiApp\app-1.4.7\JandiApp.exe': 
2021-09-15 21:33:48> Program: Starting Squirrel Updater: --processStart JandiApp.exe
2021-09-15 21:33:48> Program: Want to launch 'C:\Users\musign\AppData\Local\JandiApp\app-1.4.7\JandiApp.exe'
2021-09-15 21:33:48> Program: About to launch: 'C:\Users\musign\AppData\Local\JandiApp\app-1.4.7\JandiApp.exe': 
2021-10-07 10:00:02> Program: Starting Squirrel Updater: --processStart JandiApp.exe
2021-10-07 10:00:03> Program: Want to launch 'C:\Users\musign\AppData\Local\JandiApp\app-1.4.7\JandiApp.exe'
2021-10-07 10:00:03> Program: About to launch: 'C:\Users\musign\AppData\Local\JandiApp\app-1.4.7\JandiApp.exe': 
2021-10-13 10:00:24> Program: Starting Squirrel Updater: --processStart JandiApp.exe
2021-10-13 10:00:24> Program: Want to launch 'C:\Users\musign\AppData\Local\JandiApp\app-1.4.7\JandiApp.exe'
2021-10-13 10:00:24> Program: About to launch: 'C:\Users\musign\AppData\Local\JandiApp\app-1.4.7\JandiApp.exe': 
2021-10-13 10:02:55> Program: Starting Squirrel Updater: --processStart JandiApp.exe
2021-10-13 10:02:55> Program: Want to launch 'C:\Users\musign\AppData\Local\JandiApp\app-1.4.7\JandiApp.exe'
2021-10-13 10:02:55> Program: About to launch: 'C:\Users\musign\AppData\Local\JandiApp\app-1.4.7\JandiApp.exe': 
2021-10-14 21:58:39> Program: Starting Squirrel Updater: --processStart JandiApp.exe
2021-10-14 21:58:39> Program: Want to launch 'C:\Users\musign\AppData\Local\JandiApp\app-1.4.7\JandiApp.exe'
2021-10-14 21:58:39> Program: About to launch: 'C:\Users\musign\AppData\Local\JandiApp\app-1.4.7\JandiApp.exe': 
2021-10-18 10:01:12> Program: Starting Squirrel Updater: --processStart JandiApp.exe
2021-10-18 10:01:13> Program: Want to launch 'C:\Users\musign\AppData\Local\JandiApp\app-1.4.7\JandiApp.exe'
2021-10-18 10:01:13> Program: About to launch: 'C:\Users\musign\AppData\Local\JandiApp\app-1.4.7\JandiApp.exe': 
2021-10-21 17:50:01> Program: Starting Squirrel Updater: --processStart JandiApp.exe
2021-10-21 17:50:01> Program: Want to launch 'C:\Users\musign\AppData\Local\JandiApp\app-1.4.7\JandiApp.exe'
2021-10-21 17:50:01> Program: About to launch: 'C:\Users\musign\AppData\Local\JandiApp\app-1.4.7\JandiApp.exe': 
2021-10-21 18:59:31> Program: Starting Squirrel Updater: --processStart JandiApp.exe
2021-10-21 18:59:31> Program: Want to launch 'C:\Users\musign\AppData\Local\JandiApp\app-1.4.7\JandiApp.exe'
2021-10-21 18:59:31> Program: About to launch: 'C:\Users\musign\AppData\Local\JandiApp\app-1.4.7\JandiApp.exe': 
2021-10-21 19:13:00> Program: Starting Squirrel Updater: --processStart JandiApp.exe
2021-10-21 19:13:00> Program: Want to launch 'C:\Users\musign\AppData\Local\JandiApp\app-1.4.7\JandiApp.exe'
2021-10-21 19:13:00> Program: About to launch: 'C:\Users\musign\AppData\Local\JandiApp\app-1.4.7\JandiApp.exe': 
2021-10-22 16:21:26> Program: Starting Squirrel Updater: --processStart JandiApp.exe
2021-10-22 16:21:26> Program: Want to launch 'C:\Users\musign\AppData\Local\JandiApp\app-1.4.7\JandiApp.exe'
2021-10-22 16:21:26> Program: About to launch: 'C:\Users\musign\AppData\Local\JandiApp\app-1.4.7\JandiApp.exe': 
2021-12-03 09:44:37> Program: Starting Squirrel Updater: --processStart JandiApp.exe
2021-12-03 09:44:37> Program: Want to launch 'C:\Users\musign\AppData\Local\JandiApp\app-1.4.7\JandiApp.exe'
2021-12-03 09:44:37> Program: About to launch: 'C:\Users\musign\AppData\Local\JandiApp\app-1.4.7\JandiApp.exe': 
